<?xml version="1.0" encoding="UTF-8"?>
<Site BuildName="(empty)"
	BuildStamp="20231213-2129-Experimental"
	Name="(empty)"
	Generator="ctest-3.28.0"
	CompilerName=""
	CompilerVersion=""
	OSName="macOS"
	Hostname="MacBook-Pro-Natalia.local"
	OSRelease="11.7.10"
	OSVersion="20G1427"
	OSPlatform="x86_64"
	Is64Bits="1"
	VendorString="GenuineIntel"
	VendorID="Intel Corporation"
	FamilyID="6"
	ModelID="70"
	ProcessorCacheSize="32768"
	NumberOfLogicalCPU="8"
	NumberOfPhysicalCPU="4"
	TotalVirtualMemory="2048"
	TotalPhysicalMemory="16384"
	LogicalProcessorsPerPhysical="8"
	ProcessorClockFrequency="2300"
	>
	<Testing>
		<StartDateTime>Dec 14 00:29 MSK</StartDateTime>
		<StartTestTime>1702502945</StartTestTime>
		<TestList/>
		<EndDateTime>Dec 14 00:29 MSK</EndDateTime>
		<EndTestTime>1702502945</EndTestTime>
		<ElapsedMinutes>0</ElapsedMinutes>
	</Testing>
</Site>
